<?xml version="1.0" encoding="UTF-8"?>
<!-- Generated by org.testng.reporters.JUnitReportReporter -->
<testsuite skipped="0" hostname="DESKTOP-H52ER5F" name="collectionsframework.map" tests="5" failures="0" timestamp="2022-03-20T20:16:34 IST" time="0.018" errors="0">
  <testcase name="tc1" time="0.008" classname="collectionsframework.map"/>
  <system-out/>
  <testcase name="tc2" time="0.003" classname="collectionsframework.map"/>
  <system-out/>
  <testcase name="tc3" time="0.002" classname="collectionsframework.map"/>
  <system-out/>
  <testcase name="tc4" time="0.002" classname="collectionsframework.map"/>
  <system-out/>
  <testcase name="tc5" time="0.003" classname="collectionsframework.map"/>
  <system-out/>
</testsuite> <!-- collectionsframework.map -->
