<?xml version="1.0" encoding="UTF-8"?>
<!-- Generated by org.testng.reporters.JUnitReportReporter -->
<testsuite skipped="0" hostname="DESKTOP-H52ER5F" name="collections.arraydeque" tests="3" failures="0" timestamp="2022-03-17T23:51:05 IST" time="0.015" errors="0">
  <testcase name="tc1" time="0.010" classname="collections.arraydeque"/>
  <system-out/>
  <testcase name="tc2" time="0.003" classname="collections.arraydeque"/>
  <system-out/>
  <testcase name="tc3" time="0.002" classname="collections.arraydeque"/>
  <system-out/>
</testsuite> <!-- collections.arraydeque -->
