<?xml version="1.0" encoding="UTF-8"?>
<!-- Generated by org.testng.reporters.JUnitReportReporter -->
<testsuite skipped="0" hostname="DESKTOP-H52ER5F" name="collectionsframework.set" tests="3" failures="0" timestamp="2022-03-18T00:58:01 IST" time="0.018" errors="0">
  <testcase name="tc1" time="0.013" classname="collectionsframework.set"/>
  <system-out/>
  <testcase name="tc2" time="0.004" classname="collectionsframework.set"/>
  <system-out/>
  <testcase name="tc3" time="0.001" classname="collectionsframework.set"/>
  <system-out/>
</testsuite> <!-- collectionsframework.set -->
