<?xml version="1.0" encoding="UTF-8"?>
<!-- Generated by org.testng.reporters.JUnitReportReporter -->
<testsuite skipped="0" hostname="DESKTOP-H52ER5F" name="collectionsframework.list" tests="3" failures="0" timestamp="2022-03-18T00:34:31 IST" time="0.021" errors="0">
  <testcase name="tc1" time="0.012" classname="collectionsframework.list"/>
  <system-out/>
  <testcase name="tc2" time="0.002" classname="collectionsframework.list"/>
  <system-out/>
  <testcase name="tc3" time="0.007" classname="collectionsframework.list"/>
  <system-out/>
</testsuite> <!-- collectionsframework.list -->
