<?xml version="1.0" encoding="UTF-8"?>
<!-- Generated by org.testng.reporters.JUnitReportReporter -->
<testsuite skipped="0" hostname="DESKTOP-H52ER5F" name="collectionsframework.query" tests="2" failures="0" timestamp="2022-03-20T20:25:59 IST" time="0.011" errors="0">
  <testcase name="tc2" time="0.002" classname="collectionsframework.query"/>
  <system-out/>
  <testcase name="tc1" time="0.009" classname="collectionsframework.query"/>
  <system-out/>
</testsuite> <!-- collectionsframework.query -->
