<?xml version="1.0" encoding="UTF-8"?>
<!-- Generated by org.testng.reporters.JUnitReportReporter -->
<testsuite skipped="0" hostname="DESKTOP-H52ER5F" name="collectionsframework.rudro" tests="4" failures="0" timestamp="2022-03-18T00:39:10 IST" time="0.018" errors="0">
  <testcase name="test1" time="0.009" classname="collectionsframework.rudro"/>
  <system-out/>
  <testcase name="test2" time="0.003" classname="collectionsframework.rudro"/>
  <system-out/>
  <testcase name="test3" time="0.004" classname="collectionsframework.rudro"/>
  <system-out/>
  <testcase name="test4" time="0.002" classname="collectionsframework.rudro"/>
  <system-out/>
</testsuite> <!-- collectionsframework.rudro -->
