<?xml version="1.0" encoding="UTF-8"?>
<!-- Generated by org.testng.reporters.JUnitReportReporter -->
<testsuite skipped="0" hostname="DESKTOP-H52ER5F" name="collections.rudro" tests="4" failures="0" timestamp="2022-03-17T23:06:04 IST" time="0.017" errors="0">
  <testcase name="test1" time="0.010" classname="collections.rudro"/>
  <system-out/>
  <testcase name="test2" time="0.001" classname="collections.rudro"/>
  <system-out/>
  <testcase name="test3" time="0.001" classname="collections.rudro"/>
  <system-out/>
  <testcase name="test4" time="0.005" classname="collections.rudro"/>
  <system-out/>
</testsuite> <!-- collections.rudro -->
